{"/Users/azakaryan/Desktop/Projects/EPAM_PROJECT/react/epam-react-hw/src/index.js": {"path":"/Users/azakaryan/Desktop/Projects/EPAM_PROJECT/react/epam-react-hw/src/index.js","statementMap":{"0":{"start":{"line":8,"column":12},"end":{"line":8,"column":41}},"1":{"start":{"line":10,"column":0},"end":{"line":26,"column":1}},"2":{"start":{"line":11,"column":27},"end":{"line":11,"column":54}},"3":{"start":{"line":12,"column":16},"end":{"line":14,"column":3}},"4":{"start":{"line":15,"column":20},"end":{"line":15,"column":90}},"5":{"start":{"line":15,"column":27},"end":{"line":15,"column":89}},"6":{"start":{"line":16,"column":2},"end":{"line":16,"column":29}},"7":{"start":{"line":18,"column":2},"end":{"line":25,"column":4}}},"fnMap":{"0":{"name":"(anonymous_0)","decl":{"start":{"line":15,"column":20},"end":{"line":15,"column":21}},"loc":{"start":{"line":15,"column":27},"end":{"line":15,"column":89}},"line":15}},"branchMap":{"0":{"loc":{"start":{"line":10,"column":0},"end":{"line":26,"column":1}},"type":"if","locations":[{"start":{"line":10,"column":0},"end":{"line":26,"column":1}},{"start":{"line":10,"column":0},"end":{"line":26,"column":1}}],"line":10},"1":{"loc":{"start":{"line":13,"column":4},"end":{"line":13,"column":63}},"type":"cond-expr","locations":[{"start":{"line":13,"column":23},"end":{"line":13,"column":51}},{"start":{"line":13,"column":54},"end":{"line":13,"column":63}}],"line":13}},"s":{"0":0,"1":0,"2":0,"3":0,"4":0,"5":0,"6":0,"7":0},"f":{"0":0},"b":{"0":[0,0],"1":[0,0]}}
,"/Users/azakaryan/Desktop/Projects/EPAM_PROJECT/react/epam-react-hw/src/routes.js": {"path":"/Users/azakaryan/Desktop/Projects/EPAM_PROJECT/react/epam-react-hw/src/routes.js","statementMap":{"0":{"start":{"line":5,"column":15},"end":{"line":15,"column":1}}},"fnMap":{},"branchMap":{},"s":{"0":2},"f":{},"b":{},"_coverageSchema":"43e27e138ebf9cfc5966b082cf9a028302ed4184","hash":"9c7df8f2231a01f04ab7c47660d29062a4d919ce"}
,"/Users/azakaryan/Desktop/Projects/EPAM_PROJECT/react/epam-react-hw/src/ssr_index.js": {"path":"/Users/azakaryan/Desktop/Projects/EPAM_PROJECT/react/epam-react-hw/src/ssr_index.js","statementMap":{"0":{"start":{"line":13,"column":12},"end":{"line":13,"column":21}},"1":{"start":{"line":14,"column":0},"end":{"line":14,"column":16}},"2":{"start":{"line":16,"column":0},"end":{"line":16,"column":34}},"3":{"start":{"line":18,"column":0},"end":{"line":59,"column":3}},"4":{"start":{"line":19,"column":2},"end":{"line":19,"column":43}},"5":{"start":{"line":20,"column":16},"end":{"line":20,"column":30}},"6":{"start":{"line":22,"column":19},"end":{"line":33,"column":8}},"7":{"start":{"line":23,"column":4},"end":{"line":31,"column":5}},"8":{"start":{"line":28,"column":6},"end":{"line":30,"column":8}},"9":{"start":{"line":32,"column":4},"end":{"line":32,"column":15}},"10":{"start":{"line":35,"column":2},"end":{"line":58,"column":17}},"11":{"start":{"line":37,"column":21},"end":{"line":43,"column":7}},"12":{"start":{"line":45,"column":6},"end":{"line":56,"column":9}},"13":{"start":{"line":61,"column":0},"end":{"line":63,"column":3}},"14":{"start":{"line":62,"column":2},"end":{"line":62,"column":37}}},"fnMap":{"0":{"name":"(anonymous_0)","decl":{"start":{"line":18,"column":13},"end":{"line":18,"column":14}},"loc":{"start":{"line":18,"column":33},"end":{"line":59,"column":1}},"line":18},"1":{"name":"(anonymous_1)","decl":{"start":{"line":22,"column":33},"end":{"line":22,"column":34}},"loc":{"start":{"line":22,"column":49},"end":{"line":33,"column":3}},"line":22},"2":{"name":"(anonymous_2)","decl":{"start":{"line":36,"column":10},"end":{"line":36,"column":11}},"loc":{"start":{"line":36,"column":16},"end":{"line":57,"column":5}},"line":36},"3":{"name":"(anonymous_3)","decl":{"start":{"line":61,"column":37},"end":{"line":61,"column":38}},"loc":{"start":{"line":61,"column":43},"end":{"line":63,"column":1}},"line":61}},"branchMap":{"0":{"loc":{"start":{"line":23,"column":4},"end":{"line":31,"column":5}},"type":"if","locations":[{"start":{"line":23,"column":4},"end":{"line":31,"column":5}},{"start":{"line":23,"column":4},"end":{"line":31,"column":5}}],"line":23},"1":{"loc":{"start":{"line":24,"column":6},"end":{"line":26,"column":38}},"type":"binary-expr","locations":[{"start":{"line":24,"column":6},"end":{"line":24,"column":31}},{"start":{"line":25,"column":9},"end":{"line":25,"column":24}},{"start":{"line":26,"column":9},"end":{"line":26,"column":38}}],"line":24},"2":{"loc":{"start":{"line":61,"column":11},"end":{"line":61,"column":35}},"type":"binary-expr","locations":[{"start":{"line":61,"column":11},"end":{"line":61,"column":27}},{"start":{"line":61,"column":31},"end":{"line":61,"column":35}}],"line":61}},"s":{"0":0,"1":0,"2":0,"3":0,"4":0,"5":0,"6":0,"7":0,"8":0,"9":0,"10":0,"11":0,"12":0,"13":0,"14":0},"f":{"0":0,"1":0,"2":0,"3":0},"b":{"0":[0,0],"1":[0,0,0],"2":[0,0]}}
,"/Users/azakaryan/Desktop/Projects/EPAM_PROJECT/react/epam-react-hw/src/components/App.jsx": {"path":"/Users/azakaryan/Desktop/Projects/EPAM_PROJECT/react/epam-react-hw/src/components/App.jsx","statementMap":{"0":{"start":{"line":4,"column":0},"end":{"line":4,"column":8}},"1":{"start":{"line":7,"column":4},"end":{"line":7,"column":17}},"2":{"start":{"line":11,"column":4},"end":{"line":17,"column":6}},"3":{"start":{"line":14,"column":10},"end":{"line":14,"column":38}}},"fnMap":{"0":{"name":"(anonymous_0)","decl":{"start":{"line":6,"column":2},"end":{"line":6,"column":3}},"loc":{"start":{"line":6,"column":21},"end":{"line":8,"column":3}},"line":6},"1":{"name":"(anonymous_1)","decl":{"start":{"line":10,"column":2},"end":{"line":10,"column":3}},"loc":{"start":{"line":10,"column":11},"end":{"line":18,"column":3}},"line":10},"2":{"name":"(anonymous_2)","decl":{"start":{"line":13,"column":20},"end":{"line":13,"column":21}},"loc":{"start":{"line":14,"column":10},"end":{"line":14,"column":38}},"line":14}},"branchMap":{},"s":{"0":2,"1":1,"2":1,"3":2},"f":{"0":1,"1":1,"2":2},"b":{},"_coverageSchema":"43e27e138ebf9cfc5966b082cf9a028302ed4184","hash":"44c1980159ebcc8e050d319014240a1e687660da"}
,"/Users/azakaryan/Desktop/Projects/EPAM_PROJECT/react/epam-react-hw/src/components/common/header/header.jsx": {"path":"/Users/azakaryan/Desktop/Projects/EPAM_PROJECT/react/epam-react-hw/src/components/common/header/header.jsx","statementMap":{"0":{"start":{"line":6,"column":4},"end":{"line":6,"column":17}},"1":{"start":{"line":10,"column":4},"end":{"line":10,"column":42}}},"fnMap":{"0":{"name":"(anonymous_0)","decl":{"start":{"line":5,"column":2},"end":{"line":5,"column":3}},"loc":{"start":{"line":5,"column":21},"end":{"line":7,"column":3}},"line":5},"1":{"name":"(anonymous_1)","decl":{"start":{"line":9,"column":2},"end":{"line":9,"column":3}},"loc":{"start":{"line":9,"column":11},"end":{"line":11,"column":3}},"line":9}},"branchMap":{},"s":{"0":2,"1":2},"f":{"0":2,"1":2},"b":{},"_coverageSchema":"43e27e138ebf9cfc5966b082cf9a028302ed4184","hash":"1d038c455fc54505cfef261e40ba2fc899e857b0"}
,"/Users/azakaryan/Desktop/Projects/EPAM_PROJECT/react/epam-react-hw/src/components/common/movie-item/movie-item.container.js": {"path":"/Users/azakaryan/Desktop/Projects/EPAM_PROJECT/react/epam-react-hw/src/components/common/movie-item/movie-item.container.js","statementMap":{"0":{"start":{"line":5,"column":23},"end":{"line":5,"column":53}},"1":{"start":{"line":5,"column":34},"end":{"line":5,"column":53}},"2":{"start":{"line":6,"column":24},"end":{"line":6,"column":51}},"3":{"start":{"line":6,"column":44},"end":{"line":6,"column":51}},"4":{"start":{"line":8,"column":21},"end":{"line":11,"column":1}},"5":{"start":{"line":10,"column":18},"end":{"line":10,"column":47}},"6":{"start":{"line":10,"column":35},"end":{"line":10,"column":46}},"7":{"start":{"line":13,"column":31},"end":{"line":15,"column":2}},"8":{"start":{"line":13,"column":41},"end":{"line":15,"column":1}},"9":{"start":{"line":14,"column":23},"end":{"line":14,"column":51}}},"fnMap":{"0":{"name":"(anonymous_0)","decl":{"start":{"line":5,"column":23},"end":{"line":5,"column":24}},"loc":{"start":{"line":5,"column":34},"end":{"line":5,"column":53}},"line":5},"1":{"name":"(anonymous_1)","decl":{"start":{"line":6,"column":24},"end":{"line":6,"column":25}},"loc":{"start":{"line":6,"column":44},"end":{"line":6,"column":51}},"line":6},"2":{"name":"(anonymous_2)","decl":{"start":{"line":10,"column":2},"end":{"line":10,"column":3}},"loc":{"start":{"line":10,"column":18},"end":{"line":10,"column":47}},"line":10},"3":{"name":"(anonymous_3)","decl":{"start":{"line":10,"column":30},"end":{"line":10,"column":31}},"loc":{"start":{"line":10,"column":35},"end":{"line":10,"column":46}},"line":10},"4":{"name":"(anonymous_4)","decl":{"start":{"line":13,"column":31},"end":{"line":13,"column":32}},"loc":{"start":{"line":13,"column":41},"end":{"line":15,"column":1}},"line":13},"5":{"name":"(anonymous_5)","decl":{"start":{"line":14,"column":12},"end":{"line":14,"column":13}},"loc":{"start":{"line":14,"column":23},"end":{"line":14,"column":51}},"line":14}},"branchMap":{},"s":{"0":8,"1":1,"2":8,"3":1,"4":8,"5":1,"6":1,"7":8,"8":1,"9":1},"f":{"0":1,"1":1,"2":1,"3":1,"4":1,"5":1},"b":{},"_coverageSchema":"43e27e138ebf9cfc5966b082cf9a028302ed4184","hash":"d3df52d611ca45d89fa4920a9572281b15df8522"}
,"/Users/azakaryan/Desktop/Projects/EPAM_PROJECT/react/epam-react-hw/src/components/common/movie-item/movie-item.jsx": {"path":"/Users/azakaryan/Desktop/Projects/EPAM_PROJECT/react/epam-react-hw/src/components/common/movie-item/movie-item.jsx","statementMap":{"0":{"start":{"line":7,"column":4},"end":{"line":7,"column":17}},"1":{"start":{"line":8,"column":4},"end":{"line":10,"column":6}},"2":{"start":{"line":14,"column":4},"end":{"line":29,"column":6}}},"fnMap":{"0":{"name":"(anonymous_0)","decl":{"start":{"line":6,"column":2},"end":{"line":6,"column":3}},"loc":{"start":{"line":6,"column":21},"end":{"line":11,"column":3}},"line":6},"1":{"name":"(anonymous_1)","decl":{"start":{"line":13,"column":2},"end":{"line":13,"column":3}},"loc":{"start":{"line":13,"column":11},"end":{"line":30,"column":3}},"line":13}},"branchMap":{},"s":{"0":2,"1":2,"2":2},"f":{"0":2,"1":2},"b":{},"_coverageSchema":"43e27e138ebf9cfc5966b082cf9a028302ed4184","hash":"45cc1a7ab9f1c834cd9dd5e125baf3a8451996fa"}
,"/Users/azakaryan/Desktop/Projects/EPAM_PROJECT/react/epam-react-hw/src/components/common/movie-list/movie-list.container.js": {"path":"/Users/azakaryan/Desktop/Projects/EPAM_PROJECT/react/epam-react-hw/src/components/common/movie-list/movie-list.container.js","statementMap":{"0":{"start":{"line":4,"column":24},"end":{"line":6,"column":2}},"1":{"start":{"line":4,"column":34},"end":{"line":6,"column":1}}},"fnMap":{"0":{"name":"(anonymous_0)","decl":{"start":{"line":4,"column":24},"end":{"line":4,"column":25}},"loc":{"start":{"line":4,"column":34},"end":{"line":6,"column":1}},"line":4}},"branchMap":{},"s":{"0":6,"1":0},"f":{"0":0},"b":{},"_coverageSchema":"43e27e138ebf9cfc5966b082cf9a028302ed4184","hash":"b8b760ed218110721d8607a916625915017437c7"}
,"/Users/azakaryan/Desktop/Projects/EPAM_PROJECT/react/epam-react-hw/src/components/common/movie-list/movie-list.jsx": {"path":"/Users/azakaryan/Desktop/Projects/EPAM_PROJECT/react/epam-react-hw/src/components/common/movie-list/movie-list.jsx","statementMap":{"0":{"start":{"line":7,"column":4},"end":{"line":7,"column":17}},"1":{"start":{"line":11,"column":4},"end":{"line":11,"column":40}},"2":{"start":{"line":11,"column":28},"end":{"line":11,"column":40}},"3":{"start":{"line":13,"column":4},"end":{"line":18,"column":6}},"4":{"start":{"line":16,"column":53},"end":{"line":16,"column":95}}},"fnMap":{"0":{"name":"(anonymous_0)","decl":{"start":{"line":6,"column":2},"end":{"line":6,"column":3}},"loc":{"start":{"line":6,"column":21},"end":{"line":8,"column":3}},"line":6},"1":{"name":"(anonymous_1)","decl":{"start":{"line":10,"column":2},"end":{"line":10,"column":3}},"loc":{"start":{"line":10,"column":11},"end":{"line":19,"column":3}},"line":10},"2":{"name":"(anonymous_2)","decl":{"start":{"line":16,"column":35},"end":{"line":16,"column":36}},"loc":{"start":{"line":16,"column":53},"end":{"line":16,"column":95}},"line":16}},"branchMap":{"0":{"loc":{"start":{"line":11,"column":4},"end":{"line":11,"column":40}},"type":"if","locations":[{"start":{"line":11,"column":4},"end":{"line":11,"column":40}},{"start":{"line":11,"column":4},"end":{"line":11,"column":40}}],"line":11},"1":{"loc":{"start":{"line":15,"column":9},"end":{"line":16,"column":96}},"type":"binary-expr","locations":[{"start":{"line":15,"column":9},"end":{"line":15,"column":26}},{"start":{"line":16,"column":13},"end":{"line":16,"column":96}}],"line":15}},"s":{"0":2,"1":2,"2":2,"3":0,"4":0},"f":{"0":2,"1":2,"2":0},"b":{"0":[2,0],"1":[0,0]},"_coverageSchema":"43e27e138ebf9cfc5966b082cf9a028302ed4184","hash":"cc4030c7be4fd7be4c95d6c87872a79b277a432f"}
,"/Users/azakaryan/Desktop/Projects/EPAM_PROJECT/react/epam-react-hw/src/services/movieService.js": {"path":"/Users/azakaryan/Desktop/Projects/EPAM_PROJECT/react/epam-react-hw/src/services/movieService.js","statementMap":{"0":{"start":{"line":3,"column":20},"end":{"line":3,"column":43}},"1":{"start":{"line":4,"column":14},"end":{"line":4,"column":36}},"2":{"start":{"line":10,"column":24},"end":{"line":10,"column":51}},"3":{"start":{"line":11,"column":4},"end":{"line":11,"column":12}},"4":{"start":{"line":12,"column":4},"end":{"line":12,"column":59}},"5":{"start":{"line":12,"column":23},"end":{"line":12,"column":59}},"6":{"start":{"line":14,"column":4},"end":{"line":20,"column":32}},"7":{"start":{"line":19,"column":24},"end":{"line":19,"column":39}},"8":{"start":{"line":19,"column":48},"end":{"line":19,"column":74}},"9":{"start":{"line":20,"column":26},"end":{"line":20,"column":30}},"10":{"start":{"line":27,"column":4},"end":{"line":30,"column":6}},"11":{"start":{"line":28,"column":18},"end":{"line":28,"column":33}},"12":{"start":{"line":29,"column":13},"end":{"line":29,"column":39}}},"fnMap":{"0":{"name":"(anonymous_0)","decl":{"start":{"line":7,"column":2},"end":{"line":7,"column":3}},"loc":{"start":{"line":7,"column":16},"end":{"line":7,"column":18}},"line":7},"1":{"name":"(anonymous_1)","decl":{"start":{"line":9,"column":2},"end":{"line":9,"column":3}},"loc":{"start":{"line":9,"column":16},"end":{"line":21,"column":3}},"line":9},"2":{"name":"(anonymous_2)","decl":{"start":{"line":19,"column":12},"end":{"line":19,"column":13}},"loc":{"start":{"line":19,"column":24},"end":{"line":19,"column":39}},"line":19},"3":{"name":"(anonymous_3)","decl":{"start":{"line":19,"column":41},"end":{"line":19,"column":42}},"loc":{"start":{"line":19,"column":48},"end":{"line":19,"column":74}},"line":19},"4":{"name":"(anonymous_4)","decl":{"start":{"line":20,"column":12},"end":{"line":20,"column":13}},"loc":{"start":{"line":20,"column":26},"end":{"line":20,"column":30}},"line":20},"5":{"name":"(anonymous_5)","decl":{"start":{"line":26,"column":2},"end":{"line":26,"column":3}},"loc":{"start":{"line":26,"column":14},"end":{"line":31,"column":3}},"line":26},"6":{"name":"(anonymous_6)","decl":{"start":{"line":28,"column":6},"end":{"line":28,"column":7}},"loc":{"start":{"line":28,"column":18},"end":{"line":28,"column":33}},"line":28},"7":{"name":"(anonymous_7)","decl":{"start":{"line":29,"column":6},"end":{"line":29,"column":7}},"loc":{"start":{"line":29,"column":13},"end":{"line":29,"column":39}},"line":29}},"branchMap":{"0":{"loc":{"start":{"line":12,"column":4},"end":{"line":12,"column":59}},"type":"if","locations":[{"start":{"line":12,"column":4},"end":{"line":12,"column":59}},{"start":{"line":12,"column":4},"end":{"line":12,"column":59}}],"line":12},"1":{"loc":{"start":{"line":16,"column":8},"end":{"line":16,"column":44}},"type":"cond-expr","locations":[{"start":{"line":16,"column":22},"end":{"line":16,"column":39}},{"start":{"line":16,"column":42},"end":{"line":16,"column":44}}],"line":16}},"s":{"0":9,"1":9,"2":2,"3":2,"4":2,"5":2,"6":2,"7":0,"8":0,"9":0,"10":1,"11":0,"12":0},"f":{"0":9,"1":2,"2":0,"3":0,"4":0,"5":1,"6":0,"7":0},"b":{"0":[2,0],"1":[0,2]},"_coverageSchema":"43e27e138ebf9cfc5966b082cf9a028302ed4184","hash":"362abc27510198cd18b97e0b16761887643e29d4"}
,"/Users/azakaryan/Desktop/Projects/EPAM_PROJECT/react/epam-react-hw/src/services/utils/type-check.js": {"path":"/Users/azakaryan/Desktop/Projects/EPAM_PROJECT/react/epam-react-hw/src/services/utils/type-check.js","statementMap":{"0":{"start":{"line":5,"column":4},"end":{"line":5,"column":69}},"1":{"start":{"line":9,"column":4},"end":{"line":9,"column":70}},"2":{"start":{"line":13,"column":4},"end":{"line":13,"column":36}},"3":{"start":{"line":17,"column":4},"end":{"line":17,"column":66}},"4":{"start":{"line":21,"column":4},"end":{"line":21,"column":37}},"5":{"start":{"line":25,"column":4},"end":{"line":25,"column":36}},"6":{"start":{"line":29,"column":4},"end":{"line":29,"column":38}}},"fnMap":{"0":{"name":"(anonymous_0)","decl":{"start":{"line":4,"column":2},"end":{"line":4,"column":3}},"loc":{"start":{"line":4,"column":23},"end":{"line":6,"column":3}},"line":4},"1":{"name":"(anonymous_1)","decl":{"start":{"line":8,"column":2},"end":{"line":8,"column":3}},"loc":{"start":{"line":8,"column":24},"end":{"line":10,"column":3}},"line":8},"2":{"name":"(anonymous_2)","decl":{"start":{"line":12,"column":2},"end":{"line":12,"column":3}},"loc":{"start":{"line":12,"column":24},"end":{"line":14,"column":3}},"line":12},"3":{"name":"(anonymous_3)","decl":{"start":{"line":16,"column":2},"end":{"line":16,"column":3}},"loc":{"start":{"line":16,"column":26},"end":{"line":18,"column":3}},"line":16},"4":{"name":"(anonymous_4)","decl":{"start":{"line":20,"column":2},"end":{"line":20,"column":3}},"loc":{"start":{"line":20,"column":25},"end":{"line":22,"column":3}},"line":20},"5":{"name":"(anonymous_5)","decl":{"start":{"line":24,"column":2},"end":{"line":24,"column":3}},"loc":{"start":{"line":24,"column":24},"end":{"line":26,"column":3}},"line":24},"6":{"name":"(anonymous_6)","decl":{"start":{"line":28,"column":2},"end":{"line":28,"column":3}},"loc":{"start":{"line":28,"column":28},"end":{"line":30,"column":3}},"line":28}},"branchMap":{"0":{"loc":{"start":{"line":17,"column":11},"end":{"line":17,"column":65}},"type":"binary-expr","locations":[{"start":{"line":17,"column":11},"end":{"line":17,"column":15}},{"start":{"line":17,"column":19},"end":{"line":17,"column":65}}],"line":17}},"s":{"0":9,"1":17,"2":2,"3":23,"4":2,"5":2,"6":2},"f":{"0":9,"1":17,"2":2,"3":23,"4":2,"5":2,"6":2},"b":{"0":[23,23]},"_coverageSchema":"43e27e138ebf9cfc5966b082cf9a028302ed4184","hash":"59dbd2edba24a6078150a3bfa3ca8fa2d60ecfdb"}
,"/Users/azakaryan/Desktop/Projects/EPAM_PROJECT/react/epam-react-hw/src/services/utils/utils.js": {"path":"/Users/azakaryan/Desktop/Projects/EPAM_PROJECT/react/epam-react-hw/src/services/utils/utils.js","statementMap":{"0":{"start":{"line":5,"column":4},"end":{"line":13,"column":5}},"1":{"start":{"line":6,"column":18},"end":{"line":6,"column":31}},"2":{"start":{"line":7,"column":6},"end":{"line":12,"column":29}},"3":{"start":{"line":12,"column":8},"end":{"line":12,"column":29}},"4":{"start":{"line":14,"column":4},"end":{"line":14,"column":15}},"5":{"start":{"line":18,"column":4},"end":{"line":18,"column":47}},"6":{"start":{"line":18,"column":34},"end":{"line":18,"column":47}},"7":{"start":{"line":19,"column":4},"end":{"line":21,"column":5}},"8":{"start":{"line":20,"column":6},"end":{"line":20,"column":48}},"9":{"start":{"line":20,"column":35},"end":{"line":20,"column":48}},"10":{"start":{"line":22,"column":4},"end":{"line":22,"column":16}},"11":{"start":{"line":26,"column":4},"end":{"line":26,"column":56}}},"fnMap":{"0":{"name":"(anonymous_0)","decl":{"start":{"line":4,"column":2},"end":{"line":4,"column":3}},"loc":{"start":{"line":4,"column":59},"end":{"line":15,"column":3}},"line":4},"1":{"name":"(anonymous_1)","decl":{"start":{"line":17,"column":2},"end":{"line":17,"column":3}},"loc":{"start":{"line":17,"column":28},"end":{"line":23,"column":3}},"line":17},"2":{"name":"(anonymous_2)","decl":{"start":{"line":25,"column":2},"end":{"line":25,"column":3}},"loc":{"start":{"line":25,"column":28},"end":{"line":27,"column":3}},"line":25}},"branchMap":{"0":{"loc":{"start":{"line":4,"column":46},"end":{"line":4,"column":57}},"type":"default-arg","locations":[{"start":{"line":4,"column":52},"end":{"line":4,"column":57}}],"line":4},"1":{"loc":{"start":{"line":7,"column":6},"end":{"line":12,"column":29}},"type":"if","locations":[{"start":{"line":7,"column":6},"end":{"line":12,"column":29}},{"start":{"line":7,"column":6},"end":{"line":12,"column":29}}],"line":7},"2":{"loc":{"start":{"line":8,"column":8},"end":{"line":11,"column":71}},"type":"binary-expr","locations":[{"start":{"line":8,"column":8},"end":{"line":8,"column":20}},{"start":{"line":9,"column":11},"end":{"line":9,"column":28}},{"start":{"line":10,"column":11},"end":{"line":10,"column":21}},{"start":{"line":11,"column":12},"end":{"line":11,"column":15}},{"start":{"line":11,"column":20},"end":{"line":11,"column":42}},{"start":{"line":11,"column":46},"end":{"line":11,"column":69}}],"line":8},"3":{"loc":{"start":{"line":18,"column":4},"end":{"line":18,"column":47}},"type":"if","locations":[{"start":{"line":18,"column":4},"end":{"line":18,"column":47}},{"start":{"line":18,"column":4},"end":{"line":18,"column":47}}],"line":18},"4":{"loc":{"start":{"line":20,"column":6},"end":{"line":20,"column":48}},"type":"if","locations":[{"start":{"line":20,"column":6},"end":{"line":20,"column":48}},{"start":{"line":20,"column":6},"end":{"line":20,"column":48}}],"line":20},"5":{"loc":{"start":{"line":26,"column":11},"end":{"line":26,"column":55}},"type":"binary-expr","locations":[{"start":{"line":26,"column":11},"end":{"line":26,"column":34}},{"start":{"line":26,"column":38},"end":{"line":26,"column":55}}],"line":26}},"s":{"0":19,"1":29,"2":29,"3":6,"4":19,"5":7,"6":2,"7":5,"8":3,"9":2,"10":3,"11":6},"f":{"0":19,"1":7,"2":6},"b":{"0":[17],"1":[6,23],"2":[29,28,27,25,4,3],"3":[2,5],"4":[2,1],"5":[6,3]},"_coverageSchema":"43e27e138ebf9cfc5966b082cf9a028302ed4184","hash":"88900df34ea5ed9b25db348d775d7c8aef8af101"}
,"/Users/azakaryan/Desktop/Projects/EPAM_PROJECT/react/epam-react-hw/src/store/actions.js": {"path":"/Users/azakaryan/Desktop/Projects/EPAM_PROJECT/react/epam-react-hw/src/store/actions.js","statementMap":{"0":{"start":{"line":4,"column":24},"end":{"line":7,"column":2}},"1":{"start":{"line":4,"column":34},"end":{"line":7,"column":1}},"2":{"start":{"line":8,"column":25},"end":{"line":11,"column":2}},"3":{"start":{"line":8,"column":36},"end":{"line":11,"column":1}},"4":{"start":{"line":13,"column":29},"end":{"line":16,"column":2}},"5":{"start":{"line":13,"column":41},"end":{"line":16,"column":1}},"6":{"start":{"line":18,"column":27},"end":{"line":32,"column":1}},"7":{"start":{"line":18,"column":38},"end":{"line":32,"column":1}},"8":{"start":{"line":19,"column":2},"end":{"line":19,"column":35}},"9":{"start":{"line":21,"column":16},"end":{"line":21,"column":26}},"10":{"start":{"line":22,"column":2},"end":{"line":22,"column":46}},"11":{"start":{"line":24,"column":2},"end":{"line":31,"column":7}},"12":{"start":{"line":25,"column":20},"end":{"line":25,"column":47}},"13":{"start":{"line":27,"column":6},"end":{"line":30,"column":9}},"14":{"start":{"line":34,"column":26},"end":{"line":47,"column":1}},"15":{"start":{"line":34,"column":37},"end":{"line":47,"column":1}},"16":{"start":{"line":35,"column":2},"end":{"line":35,"column":45}},"17":{"start":{"line":37,"column":2},"end":{"line":46,"column":7}},"18":{"start":{"line":39,"column":6},"end":{"line":39,"column":32}},"19":{"start":{"line":42,"column":6},"end":{"line":45,"column":9}},"20":{"start":{"line":49,"column":48},"end":{"line":57,"column":1}},"21":{"start":{"line":49,"column":59},"end":{"line":57,"column":1}},"22":{"start":{"line":50,"column":2},"end":{"line":50,"column":45}},"23":{"start":{"line":52,"column":2},"end":{"line":52,"column":38}},"24":{"start":{"line":53,"column":16},"end":{"line":53,"column":26}},"25":{"start":{"line":54,"column":2},"end":{"line":56,"column":4}}},"fnMap":{"0":{"name":"(anonymous_0)","decl":{"start":{"line":4,"column":24},"end":{"line":4,"column":25}},"loc":{"start":{"line":4,"column":34},"end":{"line":7,"column":1}},"line":4},"1":{"name":"(anonymous_1)","decl":{"start":{"line":8,"column":25},"end":{"line":8,"column":26}},"loc":{"start":{"line":8,"column":36},"end":{"line":11,"column":1}},"line":8},"2":{"name":"(anonymous_2)","decl":{"start":{"line":13,"column":29},"end":{"line":13,"column":30}},"loc":{"start":{"line":13,"column":41},"end":{"line":16,"column":1}},"line":13},"3":{"name":"(anonymous_3)","decl":{"start":{"line":18,"column":27},"end":{"line":18,"column":28}},"loc":{"start":{"line":18,"column":38},"end":{"line":32,"column":1}},"line":18},"4":{"name":"(anonymous_4)","decl":{"start":{"line":18,"column":38},"end":{"line":18,"column":39}},"loc":{"start":{"line":18,"column":62},"end":{"line":32,"column":1}},"line":18},"5":{"name":"(anonymous_5)","decl":{"start":{"line":25,"column":10},"end":{"line":25,"column":11}},"loc":{"start":{"line":25,"column":20},"end":{"line":25,"column":47}},"line":25},"6":{"name":"(anonymous_6)","decl":{"start":{"line":26,"column":11},"end":{"line":26,"column":12}},"loc":{"start":{"line":26,"column":20},"end":{"line":31,"column":5}},"line":26},"7":{"name":"(anonymous_7)","decl":{"start":{"line":34,"column":26},"end":{"line":34,"column":27}},"loc":{"start":{"line":34,"column":37},"end":{"line":47,"column":1}},"line":34},"8":{"name":"(anonymous_8)","decl":{"start":{"line":34,"column":37},"end":{"line":34,"column":38}},"loc":{"start":{"line":34,"column":51},"end":{"line":47,"column":1}},"line":34},"9":{"name":"(anonymous_9)","decl":{"start":{"line":38,"column":10},"end":{"line":38,"column":11}},"loc":{"start":{"line":38,"column":21},"end":{"line":40,"column":5}},"line":38},"10":{"name":"(anonymous_10)","decl":{"start":{"line":41,"column":11},"end":{"line":41,"column":12}},"loc":{"start":{"line":41,"column":20},"end":{"line":46,"column":5}},"line":41},"11":{"name":"(anonymous_11)","decl":{"start":{"line":49,"column":48},"end":{"line":49,"column":49}},"loc":{"start":{"line":49,"column":59},"end":{"line":57,"column":1}},"line":49},"12":{"name":"(anonymous_12)","decl":{"start":{"line":49,"column":59},"end":{"line":49,"column":60}},"loc":{"start":{"line":49,"column":89},"end":{"line":57,"column":1}},"line":49}},"branchMap":{},"s":{"0":8,"1":2,"2":8,"3":2,"4":8,"5":3,"6":8,"7":4,"8":1,"9":1,"10":1,"11":1,"12":0,"13":0,"14":8,"15":0,"16":0,"17":0,"18":0,"19":0,"20":8,"21":1,"22":1,"23":0,"24":0,"25":0},"f":{"0":2,"1":2,"2":3,"3":4,"4":1,"5":0,"6":0,"7":0,"8":0,"9":0,"10":0,"11":1,"12":1},"b":{},"_coverageSchema":"43e27e138ebf9cfc5966b082cf9a028302ed4184","hash":"a3c64ac197f3852e0ebea181567450d8f9c658a7"}
,"/Users/azakaryan/Desktop/Projects/EPAM_PROJECT/react/epam-react-hw/src/store/constants.js": {"path":"/Users/azakaryan/Desktop/Projects/EPAM_PROJECT/react/epam-react-hw/src/store/constants.js","statementMap":{},"fnMap":{},"branchMap":{},"s":{},"f":{},"b":{},"_coverageSchema":"43e27e138ebf9cfc5966b082cf9a028302ed4184","hash":"c790bd6a58ba90e5ffc3c5c12aac6ba658964a9f"}
,"/Users/azakaryan/Desktop/Projects/EPAM_PROJECT/react/epam-react-hw/src/store/index.js": {"path":"/Users/azakaryan/Desktop/Projects/EPAM_PROJECT/react/epam-react-hw/src/store/index.js","statementMap":{"0":{"start":{"line":6,"column":26},"end":{"line":13,"column":1}},"1":{"start":{"line":15,"column":36},"end":{"line":28,"column":1}},"2":{"start":{"line":15,"column":42},"end":{"line":28,"column":1}},"3":{"start":{"line":15,"column":50},"end":{"line":28,"column":1}},"4":{"start":{"line":20,"column":17},"end":{"line":20,"column":29}},"5":{"start":{"line":24,"column":2},"end":{"line":24,"column":62}},"6":{"start":{"line":27,"column":2},"end":{"line":27,"column":16}},"7":{"start":{"line":30,"column":28},"end":{"line":32,"column":1}},"8":{"start":{"line":31,"column":2},"end":{"line":31,"column":108}}},"fnMap":{"0":{"name":"(anonymous_0)","decl":{"start":{"line":15,"column":36},"end":{"line":15,"column":37}},"loc":{"start":{"line":15,"column":42},"end":{"line":28,"column":1}},"line":15},"1":{"name":"(anonymous_1)","decl":{"start":{"line":15,"column":42},"end":{"line":15,"column":43}},"loc":{"start":{"line":15,"column":50},"end":{"line":28,"column":1}},"line":15},"2":{"name":"(anonymous_2)","decl":{"start":{"line":15,"column":50},"end":{"line":15,"column":51}},"loc":{"start":{"line":15,"column":62},"end":{"line":28,"column":1}},"line":15},"3":{"name":"(anonymous_3)","decl":{"start":{"line":30,"column":28},"end":{"line":30,"column":29}},"loc":{"start":{"line":30,"column":59},"end":{"line":32,"column":1}},"line":30}},"branchMap":{"0":{"loc":{"start":{"line":30,"column":29},"end":{"line":30,"column":54}},"type":"default-arg","locations":[{"start":{"line":30,"column":44},"end":{"line":30,"column":54}}],"line":30}},"s":{"0":1,"1":1,"2":3,"3":3,"4":2,"5":2,"6":2,"7":1,"8":1},"f":{"0":3,"1":3,"2":2,"3":1},"b":{"0":[1]},"_coverageSchema":"43e27e138ebf9cfc5966b082cf9a028302ed4184","hash":"498169d9d1f32d5d7f8bc8df8db70343ac7100c0"}
,"/Users/azakaryan/Desktop/Projects/EPAM_PROJECT/react/epam-react-hw/src/store/reducers.js": {"path":"/Users/azakaryan/Desktop/Projects/EPAM_PROJECT/react/epam-react-hw/src/store/reducers.js","statementMap":{"0":{"start":{"line":6,"column":21},"end":{"line":6,"column":99}},"1":{"start":{"line":6,"column":46},"end":{"line":6,"column":98}},"2":{"start":{"line":9,"column":22},"end":{"line":9,"column":101}},"3":{"start":{"line":9,"column":47},"end":{"line":9,"column":100}},"4":{"start":{"line":12,"column":23},"end":{"line":14,"column":10}},"5":{"start":{"line":12,"column":48},"end":{"line":14,"column":9}},"6":{"start":{"line":17,"column":22},"end":{"line":26,"column":1}},"7":{"start":{"line":18,"column":2},"end":{"line":25,"column":3}},"8":{"start":{"line":20,"column":4},"end":{"line":20,"column":38}},"9":{"start":{"line":22,"column":4},"end":{"line":22,"column":55}},"10":{"start":{"line":22,"column":31},"end":{"line":22,"column":53}},"11":{"start":{"line":24,"column":4},"end":{"line":24,"column":17}},"12":{"start":{"line":29,"column":30},"end":{"line":38,"column":1}},"13":{"start":{"line":30,"column":2},"end":{"line":37,"column":3}},"14":{"start":{"line":32,"column":4},"end":{"line":32,"column":16}},"15":{"start":{"line":34,"column":4},"end":{"line":34,"column":17}},"16":{"start":{"line":36,"column":4},"end":{"line":36,"column":17}},"17":{"start":{"line":39,"column":29},"end":{"line":48,"column":1}},"18":{"start":{"line":40,"column":2},"end":{"line":47,"column":3}},"19":{"start":{"line":42,"column":4},"end":{"line":42,"column":16}},"20":{"start":{"line":44,"column":4},"end":{"line":44,"column":17}},"21":{"start":{"line":46,"column":4},"end":{"line":46,"column":17}},"22":{"start":{"line":50,"column":26},"end":{"line":57,"column":2}}},"fnMap":{"0":{"name":"(anonymous_0)","decl":{"start":{"line":6,"column":21},"end":{"line":6,"column":22}},"loc":{"start":{"line":6,"column":46},"end":{"line":6,"column":98}},"line":6},"1":{"name":"(anonymous_1)","decl":{"start":{"line":9,"column":22},"end":{"line":9,"column":23}},"loc":{"start":{"line":9,"column":47},"end":{"line":9,"column":100}},"line":9},"2":{"name":"(anonymous_2)","decl":{"start":{"line":12,"column":23},"end":{"line":12,"column":24}},"loc":{"start":{"line":12,"column":48},"end":{"line":14,"column":9}},"line":12},"3":{"name":"(anonymous_3)","decl":{"start":{"line":17,"column":22},"end":{"line":17,"column":23}},"loc":{"start":{"line":17,"column":46},"end":{"line":26,"column":1}},"line":17},"4":{"name":"(anonymous_4)","decl":{"start":{"line":22,"column":24},"end":{"line":22,"column":25}},"loc":{"start":{"line":22,"column":31},"end":{"line":22,"column":53}},"line":22},"5":{"name":"(anonymous_5)","decl":{"start":{"line":29,"column":30},"end":{"line":29,"column":31}},"loc":{"start":{"line":29,"column":57},"end":{"line":38,"column":1}},"line":29},"6":{"name":"(anonymous_6)","decl":{"start":{"line":39,"column":29},"end":{"line":39,"column":30}},"loc":{"start":{"line":39,"column":56},"end":{"line":48,"column":1}},"line":39}},"branchMap":{"0":{"loc":{"start":{"line":6,"column":22},"end":{"line":6,"column":32}},"type":"default-arg","locations":[{"start":{"line":6,"column":30},"end":{"line":6,"column":32}}],"line":6},"1":{"loc":{"start":{"line":6,"column":46},"end":{"line":6,"column":98}},"type":"cond-expr","locations":[{"start":{"line":6,"column":76},"end":{"line":6,"column":90}},{"start":{"line":6,"column":93},"end":{"line":6,"column":98}}],"line":6},"2":{"loc":{"start":{"line":9,"column":23},"end":{"line":9,"column":33}},"type":"default-arg","locations":[{"start":{"line":9,"column":31},"end":{"line":9,"column":33}}],"line":9},"3":{"loc":{"start":{"line":9,"column":47},"end":{"line":9,"column":100}},"type":"cond-expr","locations":[{"start":{"line":9,"column":78},"end":{"line":9,"column":92}},{"start":{"line":9,"column":95},"end":{"line":9,"column":100}}],"line":9},"4":{"loc":{"start":{"line":12,"column":24},"end":{"line":12,"column":34}},"type":"default-arg","locations":[{"start":{"line":12,"column":32},"end":{"line":12,"column":34}}],"line":12},"5":{"loc":{"start":{"line":12,"column":48},"end":{"line":14,"column":9}},"type":"cond-expr","locations":[{"start":{"line":13,"column":4},"end":{"line":13,"column":74}},{"start":{"line":14,"column":4},"end":{"line":14,"column":9}}],"line":12},"6":{"loc":{"start":{"line":17,"column":23},"end":{"line":17,"column":33}},"type":"default-arg","locations":[{"start":{"line":17,"column":31},"end":{"line":17,"column":33}}],"line":17},"7":{"loc":{"start":{"line":18,"column":2},"end":{"line":25,"column":3}},"type":"switch","locations":[{"start":{"line":19,"column":2},"end":{"line":20,"column":38}},{"start":{"line":21,"column":2},"end":{"line":22,"column":55}},{"start":{"line":23,"column":2},"end":{"line":24,"column":17}}],"line":18},"8":{"loc":{"start":{"line":29,"column":31},"end":{"line":29,"column":44}},"type":"default-arg","locations":[{"start":{"line":29,"column":39},"end":{"line":29,"column":44}}],"line":29},"9":{"loc":{"start":{"line":30,"column":2},"end":{"line":37,"column":3}},"type":"switch","locations":[{"start":{"line":31,"column":2},"end":{"line":32,"column":16}},{"start":{"line":33,"column":2},"end":{"line":34,"column":17}},{"start":{"line":35,"column":2},"end":{"line":36,"column":17}}],"line":30},"10":{"loc":{"start":{"line":39,"column":30},"end":{"line":39,"column":43}},"type":"default-arg","locations":[{"start":{"line":39,"column":38},"end":{"line":39,"column":43}}],"line":39},"11":{"loc":{"start":{"line":40,"column":2},"end":{"line":47,"column":3}},"type":"switch","locations":[{"start":{"line":41,"column":2},"end":{"line":42,"column":16}},{"start":{"line":43,"column":2},"end":{"line":44,"column":17}},{"start":{"line":45,"column":2},"end":{"line":46,"column":17}}],"line":40}},"s":{"0":2,"1":3,"2":2,"3":3,"4":2,"5":3,"6":2,"7":8,"8":3,"9":2,"10":2,"11":3,"12":2,"13":7,"14":2,"15":2,"16":3,"17":2,"18":7,"19":2,"20":2,"21":3,"22":2},"f":{"0":3,"1":3,"2":3,"3":8,"4":2,"5":7,"6":7},"b":{"0":[0],"1":[1,2],"2":[0],"3":[1,2],"4":[0],"5":[1,2],"6":[1],"7":[3,2,3],"8":[1],"9":[2,2,3],"10":[1],"11":[2,2,3]},"_coverageSchema":"43e27e138ebf9cfc5966b082cf9a028302ed4184","hash":"b995cb2548173b4b6c142016935867e133c02c6c"}
,"/Users/azakaryan/Desktop/Projects/EPAM_PROJECT/react/epam-react-hw/src/views/movie-details/movie-details.container.js": {"path":"/Users/azakaryan/Desktop/Projects/EPAM_PROJECT/react/epam-react-hw/src/views/movie-details/movie-details.container.js","statementMap":{"0":{"start":{"line":5,"column":34},"end":{"line":9,"column":2}},"1":{"start":{"line":5,"column":47},"end":{"line":9,"column":1}},"2":{"start":{"line":7,"column":4},"end":{"line":7,"column":56}}},"fnMap":{"0":{"name":"(anonymous_0)","decl":{"start":{"line":5,"column":34},"end":{"line":5,"column":35}},"loc":{"start":{"line":5,"column":47},"end":{"line":9,"column":1}},"line":5},"1":{"name":"(anonymous_1)","decl":{"start":{"line":6,"column":2},"end":{"line":6,"column":3}},"loc":{"start":{"line":6,"column":18},"end":{"line":8,"column":3}},"line":6}},"branchMap":{},"s":{"0":3,"1":1,"2":1},"f":{"0":1,"1":1},"b":{},"_coverageSchema":"43e27e138ebf9cfc5966b082cf9a028302ed4184","hash":"794a27cfb1be8c414f5e2629d9034e28356c0b48"}
,"/Users/azakaryan/Desktop/Projects/EPAM_PROJECT/react/epam-react-hw/src/views/movie-details/movie-details.jsx": {"path":"/Users/azakaryan/Desktop/Projects/EPAM_PROJECT/react/epam-react-hw/src/views/movie-details/movie-details.jsx","statementMap":{"0":{"start":{"line":9,"column":4},"end":{"line":9,"column":17}},"1":{"start":{"line":10,"column":4},"end":{"line":10,"column":50}},"2":{"start":{"line":14,"column":18},"end":{"line":14,"column":44}},"3":{"start":{"line":15,"column":15},"end":{"line":15,"column":39}},"4":{"start":{"line":16,"column":4},"end":{"line":16,"column":50}},"5":{"start":{"line":16,"column":28},"end":{"line":16,"column":50}},"6":{"start":{"line":20,"column":4},"end":{"line":20,"column":33}},"7":{"start":{"line":24,"column":4},"end":{"line":39,"column":6}}},"fnMap":{"0":{"name":"(anonymous_0)","decl":{"start":{"line":8,"column":2},"end":{"line":8,"column":3}},"loc":{"start":{"line":8,"column":21},"end":{"line":11,"column":3}},"line":8},"1":{"name":"(anonymous_1)","decl":{"start":{"line":13,"column":2},"end":{"line":13,"column":3}},"loc":{"start":{"line":13,"column":38},"end":{"line":17,"column":3}},"line":13},"2":{"name":"(anonymous_2)","decl":{"start":{"line":19,"column":2},"end":{"line":19,"column":3}},"loc":{"start":{"line":19,"column":11},"end":{"line":21,"column":3}},"line":19},"3":{"name":"(anonymous_3)","decl":{"start":{"line":23,"column":2},"end":{"line":23,"column":3}},"loc":{"start":{"line":23,"column":11},"end":{"line":40,"column":3}},"line":23}},"branchMap":{"0":{"loc":{"start":{"line":16,"column":4},"end":{"line":16,"column":50}},"type":"if","locations":[{"start":{"line":16,"column":4},"end":{"line":16,"column":50}},{"start":{"line":16,"column":4},"end":{"line":16,"column":50}}],"line":16},"1":{"loc":{"start":{"line":16,"column":8},"end":{"line":16,"column":26}},"type":"binary-expr","locations":[{"start":{"line":16,"column":8},"end":{"line":16,"column":10}},{"start":{"line":16,"column":14},"end":{"line":16,"column":26}}],"line":16}},"s":{"0":4,"1":4,"2":2,"3":2,"4":2,"5":1,"6":1,"7":6},"f":{"0":4,"1":2,"2":1,"3":6},"b":{"0":[1,1],"1":[2,2]},"_coverageSchema":"43e27e138ebf9cfc5966b082cf9a028302ed4184","hash":"7a8ec892ea04c5856742f2a2ad14fd741faafad4"}
,"/Users/azakaryan/Desktop/Projects/EPAM_PROJECT/react/epam-react-hw/src/views/movie-details/movie-cover/movie-cover.container.js": {"path":"/Users/azakaryan/Desktop/Projects/EPAM_PROJECT/react/epam-react-hw/src/views/movie-details/movie-cover/movie-cover.container.js","statementMap":{"0":{"start":{"line":4,"column":31},"end":{"line":6,"column":2}},"1":{"start":{"line":4,"column":41},"end":{"line":6,"column":1}}},"fnMap":{"0":{"name":"(anonymous_0)","decl":{"start":{"line":4,"column":31},"end":{"line":4,"column":32}},"loc":{"start":{"line":4,"column":41},"end":{"line":6,"column":1}},"line":4}},"branchMap":{},"s":{"0":5,"1":1},"f":{"0":1},"b":{},"_coverageSchema":"43e27e138ebf9cfc5966b082cf9a028302ed4184","hash":"99149b9a4ce5aaff4c336d19c556fc2ff4a00685"}
,"/Users/azakaryan/Desktop/Projects/EPAM_PROJECT/react/epam-react-hw/src/views/movie-details/movie-cover/movie-cover.jsx": {"path":"/Users/azakaryan/Desktop/Projects/EPAM_PROJECT/react/epam-react-hw/src/views/movie-details/movie-cover/movie-cover.jsx","statementMap":{"0":{"start":{"line":6,"column":4},"end":{"line":6,"column":17}},"1":{"start":{"line":10,"column":4},"end":{"line":10,"column":39}},"2":{"start":{"line":10,"column":27},"end":{"line":10,"column":39}},"3":{"start":{"line":12,"column":4},"end":{"line":37,"column":6}}},"fnMap":{"0":{"name":"(anonymous_0)","decl":{"start":{"line":5,"column":2},"end":{"line":5,"column":3}},"loc":{"start":{"line":5,"column":21},"end":{"line":7,"column":3}},"line":5},"1":{"name":"(anonymous_1)","decl":{"start":{"line":9,"column":2},"end":{"line":9,"column":3}},"loc":{"start":{"line":9,"column":11},"end":{"line":38,"column":3}},"line":9}},"branchMap":{"0":{"loc":{"start":{"line":10,"column":4},"end":{"line":10,"column":39}},"type":"if","locations":[{"start":{"line":10,"column":4},"end":{"line":10,"column":39}},{"start":{"line":10,"column":4},"end":{"line":10,"column":39}}],"line":10}},"s":{"0":3,"1":3,"2":1,"3":2},"f":{"0":3,"1":3},"b":{"0":[1,2]},"_coverageSchema":"43e27e138ebf9cfc5966b082cf9a028302ed4184","hash":"e925abac2af5d92fc73513b5a2d76db430229a80"}
,"/Users/azakaryan/Desktop/Projects/EPAM_PROJECT/react/epam-react-hw/src/views/movie-home/movie-home.container.js": {"path":"/Users/azakaryan/Desktop/Projects/EPAM_PROJECT/react/epam-react-hw/src/views/movie-home/movie-home.container.js","statementMap":{"0":{"start":{"line":5,"column":34},"end":{"line":12,"column":2}},"1":{"start":{"line":5,"column":47},"end":{"line":12,"column":1}},"2":{"start":{"line":6,"column":16},"end":{"line":11,"column":4}},"3":{"start":{"line":7,"column":18},"end":{"line":7,"column":28}},"4":{"start":{"line":8,"column":4},"end":{"line":10,"column":5}},"5":{"start":{"line":9,"column":6},"end":{"line":9,"column":76}},"6":{"start":{"line":14,"column":0},"end":{"line":14,"column":92}},"7":{"start":{"line":14,"column":32},"end":{"line":14,"column":91}}},"fnMap":{"0":{"name":"(anonymous_0)","decl":{"start":{"line":5,"column":34},"end":{"line":5,"column":35}},"loc":{"start":{"line":5,"column":47},"end":{"line":12,"column":1}},"line":5},"1":{"name":"(anonymous_1)","decl":{"start":{"line":6,"column":10},"end":{"line":6,"column":11}},"loc":{"start":{"line":6,"column":16},"end":{"line":11,"column":4}},"line":6},"2":{"name":"(anonymous_2)","decl":{"start":{"line":6,"column":25},"end":{"line":6,"column":26}},"loc":{"start":{"line":6,"column":42},"end":{"line":11,"column":3}},"line":6},"3":{"name":"(anonymous_3)","decl":{"start":{"line":14,"column":26},"end":{"line":14,"column":27}},"loc":{"start":{"line":14,"column":32},"end":{"line":14,"column":91}},"line":14}},"branchMap":{"0":{"loc":{"start":{"line":8,"column":4},"end":{"line":10,"column":5}},"type":"if","locations":[{"start":{"line":8,"column":4},"end":{"line":10,"column":5}},{"start":{"line":8,"column":4},"end":{"line":10,"column":5}}],"line":8}},"s":{"0":3,"1":2,"2":2,"3":2,"4":2,"5":1,"6":3,"7":1},"f":{"0":2,"1":2,"2":2,"3":1},"b":{"0":[1,1]},"_coverageSchema":"43e27e138ebf9cfc5966b082cf9a028302ed4184","hash":"79e36a3acfb7af8799215625af797e2f507c19b7"}
,"/Users/azakaryan/Desktop/Projects/EPAM_PROJECT/react/epam-react-hw/src/views/movie-home/movie-home.jsx": {"path":"/Users/azakaryan/Desktop/Projects/EPAM_PROJECT/react/epam-react-hw/src/views/movie-home/movie-home.jsx","statementMap":{"0":{"start":{"line":13,"column":4},"end":{"line":13,"column":17}},"1":{"start":{"line":17,"column":4},"end":{"line":17,"column":24}},"2":{"start":{"line":21,"column":4},"end":{"line":36,"column":6}}},"fnMap":{"0":{"name":"(anonymous_0)","decl":{"start":{"line":12,"column":2},"end":{"line":12,"column":3}},"loc":{"start":{"line":12,"column":21},"end":{"line":14,"column":3}},"line":12},"1":{"name":"(anonymous_1)","decl":{"start":{"line":16,"column":2},"end":{"line":16,"column":3}},"loc":{"start":{"line":16,"column":22},"end":{"line":18,"column":3}},"line":16},"2":{"name":"(anonymous_2)","decl":{"start":{"line":20,"column":2},"end":{"line":20,"column":3}},"loc":{"start":{"line":20,"column":11},"end":{"line":37,"column":3}},"line":20}},"branchMap":{},"s":{"0":3,"1":3,"2":3},"f":{"0":3,"1":3,"2":3},"b":{},"_coverageSchema":"43e27e138ebf9cfc5966b082cf9a028302ed4184","hash":"7f45e8eee40f1c8ef00d1f66caafd09f8a850892"}
,"/Users/azakaryan/Desktop/Projects/EPAM_PROJECT/react/epam-react-hw/src/views/movie-home/movie-count/movie-count.container.js": {"path":"/Users/azakaryan/Desktop/Projects/EPAM_PROJECT/react/epam-react-hw/src/views/movie-home/movie-count/movie-count.container.js","statementMap":{"0":{"start":{"line":4,"column":31},"end":{"line":6,"column":2}},"1":{"start":{"line":4,"column":41},"end":{"line":6,"column":1}}},"fnMap":{"0":{"name":"(anonymous_0)","decl":{"start":{"line":4,"column":31},"end":{"line":4,"column":32}},"loc":{"start":{"line":4,"column":41},"end":{"line":6,"column":1}},"line":4}},"branchMap":{},"s":{"0":5,"1":2},"f":{"0":2},"b":{},"_coverageSchema":"43e27e138ebf9cfc5966b082cf9a028302ed4184","hash":"03578c2b808a2e331d688a5d2d083821fbd67da5"}
,"/Users/azakaryan/Desktop/Projects/EPAM_PROJECT/react/epam-react-hw/src/views/movie-home/movie-count/movie-count.jsx": {"path":"/Users/azakaryan/Desktop/Projects/EPAM_PROJECT/react/epam-react-hw/src/views/movie-home/movie-count/movie-count.jsx","statementMap":{"0":{"start":{"line":6,"column":4},"end":{"line":6,"column":17}},"1":{"start":{"line":10,"column":4},"end":{"line":15,"column":6}}},"fnMap":{"0":{"name":"(anonymous_0)","decl":{"start":{"line":5,"column":2},"end":{"line":5,"column":3}},"loc":{"start":{"line":5,"column":21},"end":{"line":7,"column":3}},"line":5},"1":{"name":"(anonymous_1)","decl":{"start":{"line":9,"column":2},"end":{"line":9,"column":3}},"loc":{"start":{"line":9,"column":11},"end":{"line":16,"column":3}},"line":9}},"branchMap":{},"s":{"0":3,"1":3},"f":{"0":3,"1":3},"b":{},"_coverageSchema":"43e27e138ebf9cfc5966b082cf9a028302ed4184","hash":"1a6dfa56e0f9659242838caf22c1bcb8aff47104"}
,"/Users/azakaryan/Desktop/Projects/EPAM_PROJECT/react/epam-react-hw/src/views/movie-home/search-filters/search-filters.container.js": {"path":"/Users/azakaryan/Desktop/Projects/EPAM_PROJECT/react/epam-react-hw/src/views/movie-home/search-filters/search-filters.container.js","statementMap":{"0":{"start":{"line":5,"column":34},"end":{"line":9,"column":2}},"1":{"start":{"line":5,"column":47},"end":{"line":9,"column":1}},"2":{"start":{"line":7,"column":4},"end":{"line":7,"column":35}}},"fnMap":{"0":{"name":"(anonymous_0)","decl":{"start":{"line":5,"column":34},"end":{"line":5,"column":35}},"loc":{"start":{"line":5,"column":47},"end":{"line":9,"column":1}},"line":5},"1":{"name":"(anonymous_1)","decl":{"start":{"line":6,"column":2},"end":{"line":6,"column":3}},"loc":{"start":{"line":6,"column":31},"end":{"line":8,"column":3}},"line":6}},"branchMap":{"0":{"loc":{"start":{"line":6,"column":17},"end":{"line":6,"column":29}},"type":"default-arg","locations":[{"start":{"line":6,"column":27},"end":{"line":6,"column":29}}],"line":6}},"s":{"0":5,"1":1,"2":1},"f":{"0":1,"1":1},"b":{"0":[1]},"_coverageSchema":"43e27e138ebf9cfc5966b082cf9a028302ed4184","hash":"5a1444afb4f9a08255fee3abe5af9f24921948a8"}
,"/Users/azakaryan/Desktop/Projects/EPAM_PROJECT/react/epam-react-hw/src/views/movie-home/search-filters/search-filters.jsx": {"path":"/Users/azakaryan/Desktop/Projects/EPAM_PROJECT/react/epam-react-hw/src/views/movie-home/search-filters/search-filters.jsx","statementMap":{"0":{"start":{"line":7,"column":4},"end":{"line":7,"column":17}},"1":{"start":{"line":8,"column":4},"end":{"line":11,"column":6}},"2":{"start":{"line":15,"column":4},"end":{"line":15,"column":80}},"3":{"start":{"line":19,"column":4},"end":{"line":21,"column":7}},"4":{"start":{"line":25,"column":4},"end":{"line":25,"column":50}},"5":{"start":{"line":29,"column":33},"end":{"line":29,"column":43}},"6":{"start":{"line":30,"column":4},"end":{"line":30,"column":52}},"7":{"start":{"line":34,"column":4},"end":{"line":77,"column":6}}},"fnMap":{"0":{"name":"(anonymous_0)","decl":{"start":{"line":6,"column":2},"end":{"line":6,"column":3}},"loc":{"start":{"line":6,"column":21},"end":{"line":12,"column":3}},"line":6},"1":{"name":"(anonymous_1)","decl":{"start":{"line":14,"column":2},"end":{"line":14,"column":3}},"loc":{"start":{"line":14,"column":16},"end":{"line":16,"column":3}},"line":14},"2":{"name":"(anonymous_2)","decl":{"start":{"line":18,"column":2},"end":{"line":18,"column":3}},"loc":{"start":{"line":18,"column":16},"end":{"line":22,"column":3}},"line":18},"3":{"name":"(anonymous_3)","decl":{"start":{"line":24,"column":2},"end":{"line":24,"column":3}},"loc":{"start":{"line":24,"column":32},"end":{"line":26,"column":3}},"line":24},"4":{"name":"(anonymous_4)","decl":{"start":{"line":28,"column":2},"end":{"line":28,"column":3}},"loc":{"start":{"line":28,"column":13},"end":{"line":31,"column":3}},"line":28},"5":{"name":"(anonymous_5)","decl":{"start":{"line":33,"column":2},"end":{"line":33,"column":3}},"loc":{"start":{"line":33,"column":11},"end":{"line":78,"column":3}},"line":33}},"branchMap":{"0":{"loc":{"start":{"line":15,"column":30},"end":{"line":15,"column":76}},"type":"cond-expr","locations":[{"start":{"line":15,"column":64},"end":{"line":15,"column":66}},{"start":{"line":15,"column":69},"end":{"line":15,"column":76}}],"line":15},"1":{"loc":{"start":{"line":20,"column":16},"end":{"line":20,"column":64}},"type":"cond-expr","locations":[{"start":{"line":20,"column":51},"end":{"line":20,"column":53}},{"start":{"line":20,"column":56},"end":{"line":20,"column":64}}],"line":20},"2":{"loc":{"start":{"line":51,"column":21},"end":{"line":51,"column":76}},"type":"cond-expr","locations":[{"start":{"line":51,"column":55},"end":{"line":51,"column":64}},{"start":{"line":51,"column":67},"end":{"line":51,"column":76}}],"line":51},"3":{"loc":{"start":{"line":59,"column":21},"end":{"line":59,"column":77}},"type":"cond-expr","locations":[{"start":{"line":59,"column":56},"end":{"line":59,"column":65}},{"start":{"line":59,"column":68},"end":{"line":59,"column":77}}],"line":59}},"s":{"0":7,"1":7,"2":4,"3":3,"4":1,"5":1,"6":1,"7":15},"f":{"0":7,"1":4,"2":3,"3":1,"4":1,"5":15},"b":{"0":[2,2],"1":[1,2],"2":[2,13],"3":[2,13]},"_coverageSchema":"43e27e138ebf9cfc5966b082cf9a028302ed4184","hash":"02044bd33955a72e9a9dab4e3b21432f0be2b12b"}
,"/Users/azakaryan/Desktop/Projects/EPAM_PROJECT/react/epam-react-hw/src/views/movie-home/sort-filters/sort-filters.containers.js": {"path":"/Users/azakaryan/Desktop/Projects/EPAM_PROJECT/react/epam-react-hw/src/views/movie-home/sort-filters/sort-filters.containers.js","statementMap":{"0":{"start":{"line":5,"column":34},"end":{"line":12,"column":2}},"1":{"start":{"line":5,"column":47},"end":{"line":12,"column":1}},"2":{"start":{"line":6,"column":36},"end":{"line":11,"column":4}},"3":{"start":{"line":7,"column":18},"end":{"line":7,"column":28}},"4":{"start":{"line":8,"column":4},"end":{"line":10,"column":5}},"5":{"start":{"line":9,"column":6},"end":{"line":9,"column":37}}},"fnMap":{"0":{"name":"(anonymous_0)","decl":{"start":{"line":5,"column":34},"end":{"line":5,"column":35}},"loc":{"start":{"line":5,"column":47},"end":{"line":12,"column":1}},"line":5},"1":{"name":"(anonymous_1)","decl":{"start":{"line":6,"column":18},"end":{"line":6,"column":19}},"loc":{"start":{"line":6,"column":36},"end":{"line":11,"column":4}},"line":6},"2":{"name":"(anonymous_2)","decl":{"start":{"line":6,"column":45},"end":{"line":6,"column":46}},"loc":{"start":{"line":6,"column":62},"end":{"line":11,"column":3}},"line":6}},"branchMap":{"0":{"loc":{"start":{"line":6,"column":19},"end":{"line":6,"column":31}},"type":"default-arg","locations":[{"start":{"line":6,"column":29},"end":{"line":6,"column":31}}],"line":6},"1":{"loc":{"start":{"line":8,"column":4},"end":{"line":10,"column":5}},"type":"if","locations":[{"start":{"line":8,"column":4},"end":{"line":10,"column":5}},{"start":{"line":8,"column":4},"end":{"line":10,"column":5}}],"line":8}},"s":{"0":5,"1":1,"2":1,"3":1,"4":1,"5":1},"f":{"0":1,"1":1,"2":1},"b":{"0":[1],"1":[1,0]},"_coverageSchema":"43e27e138ebf9cfc5966b082cf9a028302ed4184","hash":"7f9d2a76cda81e99a6007a9a28fe580d3110b415"}
,"/Users/azakaryan/Desktop/Projects/EPAM_PROJECT/react/epam-react-hw/src/views/movie-home/sort-filters/sort-filters.jsx": {"path":"/Users/azakaryan/Desktop/Projects/EPAM_PROJECT/react/epam-react-hw/src/views/movie-home/sort-filters/sort-filters.jsx","statementMap":{"0":{"start":{"line":7,"column":4},"end":{"line":7,"column":17}},"1":{"start":{"line":8,"column":4},"end":{"line":10,"column":6}},"2":{"start":{"line":14,"column":4},"end":{"line":14,"column":23}},"3":{"start":{"line":18,"column":4},"end":{"line":20,"column":6}},"4":{"start":{"line":24,"column":4},"end":{"line":27,"column":6}},"5":{"start":{"line":31,"column":4},"end":{"line":34,"column":6}},"6":{"start":{"line":39,"column":4},"end":{"line":59,"column":6}}},"fnMap":{"0":{"name":"(anonymous_0)","decl":{"start":{"line":6,"column":2},"end":{"line":6,"column":3}},"loc":{"start":{"line":6,"column":21},"end":{"line":11,"column":3}},"line":6},"1":{"name":"(anonymous_1)","decl":{"start":{"line":13,"column":2},"end":{"line":13,"column":3}},"loc":{"start":{"line":13,"column":22},"end":{"line":15,"column":3}},"line":13},"2":{"name":"(anonymous_2)","decl":{"start":{"line":17,"column":2},"end":{"line":17,"column":3}},"loc":{"start":{"line":17,"column":16},"end":{"line":21,"column":3}},"line":17},"3":{"name":"(anonymous_3)","decl":{"start":{"line":23,"column":2},"end":{"line":23,"column":3}},"loc":{"start":{"line":23,"column":17},"end":{"line":28,"column":3}},"line":23},"4":{"name":"(anonymous_4)","decl":{"start":{"line":30,"column":2},"end":{"line":30,"column":3}},"loc":{"start":{"line":30,"column":22},"end":{"line":35,"column":3}},"line":30},"5":{"name":"(anonymous_5)","decl":{"start":{"line":38,"column":2},"end":{"line":38,"column":3}},"loc":{"start":{"line":38,"column":11},"end":{"line":60,"column":3}},"line":38}},"branchMap":{"0":{"loc":{"start":{"line":25,"column":21},"end":{"line":25,"column":80}},"type":"cond-expr","locations":[{"start":{"line":25,"column":63},"end":{"line":25,"column":65}},{"start":{"line":25,"column":68},"end":{"line":25,"column":80}}],"line":25},"1":{"loc":{"start":{"line":32,"column":21},"end":{"line":32,"column":84}},"type":"cond-expr","locations":[{"start":{"line":32,"column":65},"end":{"line":32,"column":67}},{"start":{"line":32,"column":70},"end":{"line":32,"column":84}}],"line":32},"2":{"loc":{"start":{"line":45,"column":23},"end":{"line":45,"column":84}},"type":"cond-expr","locations":[{"start":{"line":45,"column":67},"end":{"line":45,"column":79}},{"start":{"line":45,"column":82},"end":{"line":45,"column":84}}],"line":45},"3":{"loc":{"start":{"line":52,"column":23},"end":{"line":52,"column":82}},"type":"cond-expr","locations":[{"start":{"line":52,"column":65},"end":{"line":52,"column":77}},{"start":{"line":52,"column":80},"end":{"line":52,"column":82}}],"line":52}},"s":{"0":5,"1":5,"2":5,"3":8,"4":1,"5":2,"6":8},"f":{"0":5,"1":5,"2":8,"3":1,"4":2,"5":8},"b":{"0":[0,1],"1":[1,1],"2":[6,2],"3":[1,7]},"_coverageSchema":"43e27e138ebf9cfc5966b082cf9a028302ed4184","hash":"1e5caca9ea0ef2df0c1cd157186b6bdba6622a5d"}
}
