TN:
SF:/Users/azakaryan/Desktop/Projects/EPAM_PROJECT/react/epam-react-hw/src/js/services/utils/type-check.js
FN:5,(anonymous_0)
FN:9,(anonymous_1)
FN:13,(anonymous_2)
FN:17,(anonymous_3)
FN:21,(anonymous_4)
FN:25,(anonymous_5)
FN:29,(anonymous_6)
FNF:7
FNH:7
FNDA:9,(anonymous_0)
FNDA:13,(anonymous_1)
FNDA:2,(anonymous_2)
FNDA:2,(anonymous_3)
FNDA:2,(anonymous_4)
FNDA:2,(anonymous_5)
FNDA:2,(anonymous_6)
DA:6,9
DA:10,13
DA:14,2
DA:18,2
DA:22,2
DA:26,2
DA:30,2
LF:7
LH:7
BRDA:18,0,0,2
BRDA:18,0,1,2
BRF:2
BRH:2
end_of_record
TN:
SF:/Users/azakaryan/Desktop/Projects/EPAM_PROJECT/react/epam-react-hw/src/js/services/utils/utils.js
FN:5,(anonymous_0)
FN:13,(anonymous_1)
FN:21,(anonymous_2)
FNF:3
FNH:3
FNDA:10,(anonymous_0)
FNDA:7,(anonymous_1)
FNDA:6,(anonymous_2)
DA:6,10
DA:7,19
DA:8,19
DA:10,10
DA:14,7
DA:15,5
DA:16,3
DA:18,3
DA:22,6
LF:9
LH:9
BRDA:5,0,0,8
BRDA:8,1,0,5
BRDA:8,1,1,14
BRDA:8,2,0,19
BRDA:8,2,1,18
BRDA:8,2,2,17
BRDA:8,2,3,16
BRDA:8,2,4,4
BRDA:8,2,5,3
BRDA:14,3,0,2
BRDA:14,3,1,5
BRDA:16,4,0,2
BRDA:16,4,1,1
BRDA:22,5,0,6
BRDA:22,5,1,3
BRF:15
BRH:15
end_of_record
