TN:
SF:/Users/azakaryan/Desktop/Projects/EPAM_PROJECT/react/epam-react-hw/src/index.js
FN:15,(anonymous_0)
FNF:1
FNH:0
FNDA:0,(anonymous_0)
DA:8,0
DA:10,0
DA:11,0
DA:12,0
DA:15,0
DA:16,0
DA:18,0
LF:7
LH:0
BRDA:10,0,0,0
BRDA:10,0,1,0
BRDA:13,1,0,0
BRDA:13,1,1,0
BRF:4
BRH:0
end_of_record
TN:
SF:/Users/azakaryan/Desktop/Projects/EPAM_PROJECT/react/epam-react-hw/src/routes.js
FNF:0
FNH:0
DA:5,2
LF:1
LH:1
BRF:0
BRH:0
end_of_record
TN:
SF:/Users/azakaryan/Desktop/Projects/EPAM_PROJECT/react/epam-react-hw/src/ssr_index.js
FN:18,(anonymous_0)
FN:22,(anonymous_1)
FN:36,(anonymous_2)
FN:61,(anonymous_3)
FNF:4
FNH:0
FNDA:0,(anonymous_0)
FNDA:0,(anonymous_1)
FNDA:0,(anonymous_2)
FNDA:0,(anonymous_3)
DA:13,0
DA:14,0
DA:16,0
DA:18,0
DA:19,0
DA:20,0
DA:22,0
DA:23,0
DA:28,0
DA:32,0
DA:35,0
DA:37,0
DA:45,0
DA:61,0
DA:62,0
LF:15
LH:0
BRDA:23,0,0,0
BRDA:23,0,1,0
BRDA:24,1,0,0
BRDA:24,1,1,0
BRDA:24,1,2,0
BRDA:61,2,0,0
BRDA:61,2,1,0
BRF:7
BRH:0
end_of_record
TN:
SF:/Users/azakaryan/Desktop/Projects/EPAM_PROJECT/react/epam-react-hw/src/components/App.jsx
FN:6,(anonymous_0)
FN:10,(anonymous_1)
FN:13,(anonymous_2)
FNF:3
FNH:2
FNDA:1,(anonymous_0)
FNDA:1,(anonymous_1)
FNDA:0,(anonymous_2)
DA:7,1
DA:11,1
DA:14,0
LF:3
LH:2
BRF:0
BRH:0
end_of_record
TN:
SF:/Users/azakaryan/Desktop/Projects/EPAM_PROJECT/react/epam-react-hw/src/components/common/header/header.jsx
FN:5,(anonymous_0)
FN:9,(anonymous_1)
FNF:2
FNH:2
FNDA:2,(anonymous_0)
FNDA:2,(anonymous_1)
DA:6,2
DA:10,2
LF:2
LH:2
BRF:0
BRH:0
end_of_record
TN:
SF:/Users/azakaryan/Desktop/Projects/EPAM_PROJECT/react/epam-react-hw/src/components/common/movie-item/movie-item.container.js
FN:5,(anonymous_0)
FN:6,(anonymous_1)
FN:10,(anonymous_2)
FN:10,(anonymous_3)
FN:13,(anonymous_4)
FN:14,(anonymous_5)
FNF:6
FNH:6
FNDA:1,(anonymous_0)
FNDA:1,(anonymous_1)
FNDA:1,(anonymous_2)
FNDA:1,(anonymous_3)
FNDA:1,(anonymous_4)
FNDA:1,(anonymous_5)
DA:5,8
DA:6,8
DA:8,8
DA:10,1
DA:13,8
DA:14,1
LF:6
LH:6
BRF:0
BRH:0
end_of_record
TN:
SF:/Users/azakaryan/Desktop/Projects/EPAM_PROJECT/react/epam-react-hw/src/components/common/movie-item/movie-item.jsx
FN:6,(anonymous_0)
FN:13,(anonymous_1)
FNF:2
FNH:2
FNDA:2,(anonymous_0)
FNDA:2,(anonymous_1)
DA:7,2
DA:8,2
DA:14,2
LF:3
LH:3
BRF:0
BRH:0
end_of_record
TN:
SF:/Users/azakaryan/Desktop/Projects/EPAM_PROJECT/react/epam-react-hw/src/components/common/movie-list/movie-list.container.js
FN:4,(anonymous_0)
FNF:1
FNH:0
FNDA:0,(anonymous_0)
DA:4,6
LF:1
LH:1
BRF:0
BRH:0
end_of_record
TN:
SF:/Users/azakaryan/Desktop/Projects/EPAM_PROJECT/react/epam-react-hw/src/components/common/movie-list/movie-list.jsx
FN:6,(anonymous_0)
FN:10,(anonymous_1)
FN:16,(anonymous_2)
FNF:3
FNH:2
FNDA:2,(anonymous_0)
FNDA:2,(anonymous_1)
FNDA:0,(anonymous_2)
DA:7,2
DA:11,2
DA:13,0
DA:16,0
LF:4
LH:2
BRDA:11,0,0,2
BRDA:11,0,1,0
BRDA:15,1,0,0
BRDA:15,1,1,0
BRF:4
BRH:1
end_of_record
TN:
SF:/Users/azakaryan/Desktop/Projects/EPAM_PROJECT/react/epam-react-hw/src/services/movieService.js
FN:7,(anonymous_0)
FN:9,(anonymous_1)
FN:19,(anonymous_2)
FN:19,(anonymous_3)
FN:20,(anonymous_4)
FN:26,(anonymous_5)
FN:28,(anonymous_6)
FN:29,(anonymous_7)
FNF:8
FNH:3
FNDA:9,(anonymous_0)
FNDA:2,(anonymous_1)
FNDA:0,(anonymous_2)
FNDA:0,(anonymous_3)
FNDA:0,(anonymous_4)
FNDA:1,(anonymous_5)
FNDA:0,(anonymous_6)
FNDA:0,(anonymous_7)
DA:3,9
DA:4,9
DA:10,2
DA:12,2
DA:14,2
DA:19,0
DA:20,0
DA:27,1
DA:28,0
DA:29,0
LF:10
LH:6
BRDA:12,0,0,2
BRDA:12,0,1,0
BRDA:16,1,0,0
BRDA:16,1,1,2
BRF:4
BRH:2
end_of_record
TN:
SF:/Users/azakaryan/Desktop/Projects/EPAM_PROJECT/react/epam-react-hw/src/services/utils/type-check.js
FN:4,(anonymous_0)
FN:8,(anonymous_1)
FN:12,(anonymous_2)
FN:16,(anonymous_3)
FN:20,(anonymous_4)
FN:24,(anonymous_5)
FN:28,(anonymous_6)
FNF:7
FNH:7
FNDA:9,(anonymous_0)
FNDA:17,(anonymous_1)
FNDA:2,(anonymous_2)
FNDA:23,(anonymous_3)
FNDA:2,(anonymous_4)
FNDA:2,(anonymous_5)
FNDA:2,(anonymous_6)
DA:5,9
DA:9,17
DA:13,2
DA:17,23
DA:21,2
DA:25,2
DA:29,2
LF:7
LH:7
BRDA:17,0,0,23
BRDA:17,0,1,23
BRF:2
BRH:2
end_of_record
TN:
SF:/Users/azakaryan/Desktop/Projects/EPAM_PROJECT/react/epam-react-hw/src/services/utils/utils.js
FN:4,(anonymous_0)
FN:17,(anonymous_1)
FN:25,(anonymous_2)
FNF:3
FNH:3
FNDA:19,(anonymous_0)
FNDA:7,(anonymous_1)
FNDA:6,(anonymous_2)
DA:5,19
DA:6,29
DA:7,29
DA:12,6
DA:14,19
DA:18,7
DA:19,5
DA:20,3
DA:22,3
DA:26,6
LF:10
LH:10
BRDA:4,0,0,17
BRDA:7,1,0,6
BRDA:7,1,1,23
BRDA:8,2,0,29
BRDA:8,2,1,28
BRDA:8,2,2,27
BRDA:8,2,3,25
BRDA:8,2,4,4
BRDA:8,2,5,3
BRDA:18,3,0,2
BRDA:18,3,1,5
BRDA:20,4,0,2
BRDA:20,4,1,1
BRDA:26,5,0,6
BRDA:26,5,1,3
BRF:15
BRH:15
end_of_record
TN:
SF:/Users/azakaryan/Desktop/Projects/EPAM_PROJECT/react/epam-react-hw/src/store/actions.js
FN:4,(anonymous_0)
FN:8,(anonymous_1)
FN:13,(anonymous_2)
FN:18,(anonymous_3)
FN:18,(anonymous_4)
FN:25,(anonymous_5)
FN:26,(anonymous_6)
FN:34,(anonymous_7)
FN:34,(anonymous_8)
FN:38,(anonymous_9)
FN:41,(anonymous_10)
FN:49,(anonymous_11)
FN:49,(anonymous_12)
FNF:13
FNH:7
FNDA:2,(anonymous_0)
FNDA:2,(anonymous_1)
FNDA:3,(anonymous_2)
FNDA:4,(anonymous_3)
FNDA:1,(anonymous_4)
FNDA:0,(anonymous_5)
FNDA:0,(anonymous_6)
FNDA:0,(anonymous_7)
FNDA:0,(anonymous_8)
FNDA:0,(anonymous_9)
FNDA:0,(anonymous_10)
FNDA:1,(anonymous_11)
FNDA:1,(anonymous_12)
DA:4,8
DA:8,8
DA:13,8
DA:18,8
DA:19,1
DA:21,1
DA:22,1
DA:24,1
DA:25,0
DA:27,0
DA:34,8
DA:35,0
DA:37,0
DA:39,0
DA:42,0
DA:49,8
DA:50,1
DA:52,0
DA:53,0
DA:54,0
LF:20
LH:11
BRF:0
BRH:0
end_of_record
TN:
SF:/Users/azakaryan/Desktop/Projects/EPAM_PROJECT/react/epam-react-hw/src/store/constants.js
FNF:0
FNH:0
LF:0
LH:0
BRF:0
BRH:0
end_of_record
TN:
SF:/Users/azakaryan/Desktop/Projects/EPAM_PROJECT/react/epam-react-hw/src/store/index.js
FN:15,(anonymous_0)
FN:15,(anonymous_1)
FN:15,(anonymous_2)
FN:30,(anonymous_3)
FNF:4
FNH:4
FNDA:3,(anonymous_0)
FNDA:3,(anonymous_1)
FNDA:2,(anonymous_2)
FNDA:1,(anonymous_3)
DA:6,1
DA:15,3
DA:20,2
DA:24,2
DA:27,2
DA:30,1
DA:31,1
LF:7
LH:7
BRDA:30,0,0,1
BRF:1
BRH:1
end_of_record
TN:
SF:/Users/azakaryan/Desktop/Projects/EPAM_PROJECT/react/epam-react-hw/src/store/reducers.js
FN:6,(anonymous_0)
FN:9,(anonymous_1)
FN:12,(anonymous_2)
FN:17,(anonymous_3)
FN:22,(anonymous_4)
FN:29,(anonymous_5)
FN:39,(anonymous_6)
FNF:7
FNH:7
FNDA:3,(anonymous_0)
FNDA:3,(anonymous_1)
FNDA:3,(anonymous_2)
FNDA:8,(anonymous_3)
FNDA:2,(anonymous_4)
FNDA:7,(anonymous_5)
FNDA:7,(anonymous_6)
DA:6,3
DA:9,3
DA:12,3
DA:17,2
DA:18,8
DA:20,3
DA:22,2
DA:24,3
DA:29,2
DA:30,7
DA:32,2
DA:34,2
DA:36,3
DA:39,2
DA:40,7
DA:42,2
DA:44,2
DA:46,3
DA:50,2
LF:19
LH:19
BRDA:6,0,0,0
BRDA:6,1,0,1
BRDA:6,1,1,2
BRDA:9,2,0,0
BRDA:9,3,0,1
BRDA:9,3,1,2
BRDA:12,4,0,0
BRDA:12,5,0,1
BRDA:12,5,1,2
BRDA:17,6,0,1
BRDA:18,7,0,3
BRDA:18,7,1,2
BRDA:18,7,2,3
BRDA:29,8,0,1
BRDA:30,9,0,2
BRDA:30,9,1,2
BRDA:30,9,2,3
BRDA:39,10,0,1
BRDA:40,11,0,2
BRDA:40,11,1,2
BRDA:40,11,2,3
BRF:21
BRH:18
end_of_record
TN:
SF:/Users/azakaryan/Desktop/Projects/EPAM_PROJECT/react/epam-react-hw/src/views/movie-details/movie-details.container.js
FN:5,(anonymous_0)
FN:6,(anonymous_1)
FNF:2
FNH:2
FNDA:1,(anonymous_0)
FNDA:1,(anonymous_1)
DA:5,3
DA:7,1
LF:2
LH:2
BRF:0
BRH:0
end_of_record
TN:
SF:/Users/azakaryan/Desktop/Projects/EPAM_PROJECT/react/epam-react-hw/src/views/movie-details/movie-details.jsx
FN:8,(anonymous_0)
FN:13,(anonymous_1)
FN:19,(anonymous_2)
FN:23,(anonymous_3)
FNF:4
FNH:4
FNDA:4,(anonymous_0)
FNDA:2,(anonymous_1)
FNDA:1,(anonymous_2)
FNDA:6,(anonymous_3)
DA:9,4
DA:10,4
DA:14,2
DA:15,2
DA:16,2
DA:20,1
DA:24,6
LF:7
LH:7
BRDA:16,0,0,1
BRDA:16,0,1,1
BRDA:16,1,0,2
BRDA:16,1,1,2
BRF:4
BRH:4
end_of_record
TN:
SF:/Users/azakaryan/Desktop/Projects/EPAM_PROJECT/react/epam-react-hw/src/views/movie-details/movie-cover/movie-cover.container.js
FN:4,(anonymous_0)
FNF:1
FNH:1
FNDA:1,(anonymous_0)
DA:4,5
LF:1
LH:1
BRF:0
BRH:0
end_of_record
TN:
SF:/Users/azakaryan/Desktop/Projects/EPAM_PROJECT/react/epam-react-hw/src/views/movie-details/movie-cover/movie-cover.jsx
FN:5,(anonymous_0)
FN:9,(anonymous_1)
FNF:2
FNH:2
FNDA:3,(anonymous_0)
FNDA:3,(anonymous_1)
DA:6,3
DA:10,3
DA:12,2
LF:3
LH:3
BRDA:10,0,0,1
BRDA:10,0,1,2
BRF:2
BRH:2
end_of_record
TN:
SF:/Users/azakaryan/Desktop/Projects/EPAM_PROJECT/react/epam-react-hw/src/views/movie-home/movie-home.container.js
FN:5,(anonymous_0)
FN:6,(anonymous_1)
FN:6,(anonymous_2)
FN:14,(anonymous_3)
FNF:4
FNH:4
FNDA:2,(anonymous_0)
FNDA:2,(anonymous_1)
FNDA:2,(anonymous_2)
FNDA:1,(anonymous_3)
DA:5,3
DA:6,2
DA:7,2
DA:8,2
DA:9,1
DA:14,3
LF:6
LH:6
BRDA:8,0,0,1
BRDA:8,0,1,1
BRF:2
BRH:2
end_of_record
TN:
SF:/Users/azakaryan/Desktop/Projects/EPAM_PROJECT/react/epam-react-hw/src/views/movie-home/movie-home.jsx
FN:12,(anonymous_0)
FN:16,(anonymous_1)
FN:20,(anonymous_2)
FNF:3
FNH:3
FNDA:3,(anonymous_0)
FNDA:3,(anonymous_1)
FNDA:3,(anonymous_2)
DA:13,3
DA:17,3
DA:21,3
LF:3
LH:3
BRF:0
BRH:0
end_of_record
TN:
SF:/Users/azakaryan/Desktop/Projects/EPAM_PROJECT/react/epam-react-hw/src/views/movie-home/movie-count/movie-count.container.js
FN:4,(anonymous_0)
FNF:1
FNH:1
FNDA:2,(anonymous_0)
DA:4,5
LF:1
LH:1
BRF:0
BRH:0
end_of_record
TN:
SF:/Users/azakaryan/Desktop/Projects/EPAM_PROJECT/react/epam-react-hw/src/views/movie-home/movie-count/movie-count.jsx
FN:5,(anonymous_0)
FN:9,(anonymous_1)
FNF:2
FNH:2
FNDA:3,(anonymous_0)
FNDA:3,(anonymous_1)
DA:6,3
DA:10,3
LF:2
LH:2
BRF:0
BRH:0
end_of_record
TN:
SF:/Users/azakaryan/Desktop/Projects/EPAM_PROJECT/react/epam-react-hw/src/views/movie-home/search-filters/search-filters.container.js
FN:5,(anonymous_0)
FN:6,(anonymous_1)
FNF:2
FNH:2
FNDA:1,(anonymous_0)
FNDA:1,(anonymous_1)
DA:5,5
DA:7,1
LF:2
LH:2
BRDA:6,0,0,1
BRF:1
BRH:1
end_of_record
TN:
SF:/Users/azakaryan/Desktop/Projects/EPAM_PROJECT/react/epam-react-hw/src/views/movie-home/search-filters/search-filters.jsx
FN:6,(anonymous_0)
FN:14,(anonymous_1)
FN:18,(anonymous_2)
FN:24,(anonymous_3)
FN:28,(anonymous_4)
FN:33,(anonymous_5)
FNF:6
FNH:6
FNDA:7,(anonymous_0)
FNDA:4,(anonymous_1)
FNDA:3,(anonymous_2)
FNDA:1,(anonymous_3)
FNDA:1,(anonymous_4)
FNDA:15,(anonymous_5)
DA:7,7
DA:8,7
DA:15,4
DA:19,3
DA:25,1
DA:29,1
DA:30,1
DA:34,15
LF:8
LH:8
BRDA:15,0,0,2
BRDA:15,0,1,2
BRDA:20,1,0,1
BRDA:20,1,1,2
BRDA:51,2,0,2
BRDA:51,2,1,13
BRDA:59,3,0,2
BRDA:59,3,1,13
BRF:8
BRH:8
end_of_record
TN:
SF:/Users/azakaryan/Desktop/Projects/EPAM_PROJECT/react/epam-react-hw/src/views/movie-home/sort-filters/sort-filters.containers.js
FN:5,(anonymous_0)
FN:6,(anonymous_1)
FN:6,(anonymous_2)
FNF:3
FNH:3
FNDA:1,(anonymous_0)
FNDA:1,(anonymous_1)
FNDA:1,(anonymous_2)
DA:5,5
DA:6,1
DA:7,1
DA:8,1
DA:9,1
LF:5
LH:5
BRDA:6,0,0,1
BRDA:8,1,0,1
BRDA:8,1,1,0
BRF:3
BRH:2
end_of_record
TN:
SF:/Users/azakaryan/Desktop/Projects/EPAM_PROJECT/react/epam-react-hw/src/views/movie-home/sort-filters/sort-filters.jsx
FN:6,(anonymous_0)
FN:13,(anonymous_1)
FN:17,(anonymous_2)
FN:23,(anonymous_3)
FN:30,(anonymous_4)
FN:38,(anonymous_5)
FNF:6
FNH:6
FNDA:5,(anonymous_0)
FNDA:5,(anonymous_1)
FNDA:8,(anonymous_2)
FNDA:1,(anonymous_3)
FNDA:2,(anonymous_4)
FNDA:8,(anonymous_5)
DA:7,5
DA:8,5
DA:14,5
DA:18,8
DA:24,1
DA:31,2
DA:39,8
LF:7
LH:7
BRDA:25,0,0,0
BRDA:25,0,1,1
BRDA:32,1,0,1
BRDA:32,1,1,1
BRDA:45,2,0,6
BRDA:45,2,1,2
BRDA:52,3,0,1
BRDA:52,3,1,7
BRF:8
BRH:7
end_of_record
